C:\Users\Дима\Desktop\ПТО\ИСПОЛН\2227\2227-АПС\Исп схем\2227 (АПС).dwg,Модель,21.02.2020 10:50:45,Дима,Samsung SCX-4600 Series,A4,1:3.66003,
C:\Users\Дима\Desktop\ПТО\ИСПОЛН\2227\2227-АПС\Исп схем\2227 (АПС).dwg,Модель,21.02.2020 10:51:00,Дима,Samsung SCX-4600 Series,A4,1:3.66003,
C:\Users\Дима\Desktop\ПТО\ИСПОЛН\2227\2227-СС\Исп схем\2227 (СС).dwg,Модель,21.02.2020 13:22:59,Дима,Samsung SCX-4600 Series,A4,1:3.66003,
C:\Users\Дима\Desktop\ПТО\ИСПОЛН\2227\2227-СС\Исп схем\2227 (СС).dwg,Модель,21.02.2020 13:27:44,Дима,Samsung SCX-4600 Series,A4,1:3.66003,
C:\Users\Дима\Desktop\ПТО\ИСПОЛН\2227\2227-СС\Исп схем\2227 (СС).dwg,Модель,21.02.2020 13:31:26,Дима,Samsung SCX-4600 Series,A4,1:3.66003,
C:\Users\Дима\Desktop\ПТО\ИСПОЛН\2227\2227-СС\Исп схем\2227 (СС).dwg,Модель,21.02.2020 13:32:29,Дима,Samsung SCX-4600 Series,A4,1:3.66003,
C:\Users\Дима\Desktop\ПТО\ИСПОЛН\2227\2227-СС\Исп схем\2227 (СС).dwg,Модель,21.02.2020 13:33:47,Дима,Samsung SCX-4600 Series,A4,1:3.66003,
C:\Users\Дима\Desktop\ПТО\ИСПОЛН\2227\2227-СС\Исп схем\2227 (СС).dwg,Модель,21.02.2020 13:34:02,Дима,Samsung SCX-4600 Series,A4,1:3.66003,
C:\Users\Дима\Desktop\ПТО\ИСПОЛН\2227\2227-СС\Исп схем\2227 (СС).dwg,Модель,21.02.2020 13:34:11,Дима,Samsung SCX-4600 Series,A4,1:3.66003,
D:\Энерготехноком\Стройка\Олеум\2020\ПТО\ИСПОЛН\2227\2227-АПС\Исп схем\2227 (АПС).dwg,Модель,15.07.2020 9:38:15,Дима,Samsung SCX-4600 Series,A4,1:3.66003,
D:\Энерготехноком\Стройка\Олеум\2020\ПТО\ИСПОЛН\2227\2227-АПС\Исп схем\Чертеж1.dwg,Модель,15.07.2020 9:40:20,Дима,Samsung SCX-4600 Series.pc3,A4,1:3.66003,
D:\Энерготехноком\Стройка\Олеум\2020\ПТО\ИСПОЛН\2227\2227-АПС\Исп схем\Чертеж1.dwg,Модель,15.07.2020 9:41:40,Дима,Samsung SCX-4600 Series.pc3,A4,1:3.66003,
D:\Энерготехноком\Стройка\Олеум\2020\ПТО\ИСПОЛН\2227\2227-АПС\Исп схем\Чертеж1.dwg,Модель,15.07.2020 9:41:56,Дима,Samsung SCX-4600 Series.pc3,A4,1:5.03732,
D:\Энерготехноком\Стройка\Олеум\2020\ПТО\ИСПОЛН\2227\2227-АПС\Исп схем\Чертеж1.dwg,Модель,15.07.2020 9:43:07,Дима,Samsung SCX-4600 Series.pc3,A4,1:3.66003,
D:\Энерготехноком\Стройка\Олеум\2020\ПТО\ИСПОЛН\858-1\858-1АПС\исп схем 858-1 АПС\Исполнительная 858-1.dwg,Модель,15.07.2020 10:32:24,Дима,Samsung SCX-4600 Series,A4,1:2.92118,
D:\Энерготехноком\Стройка\Олеум\2020\ПТО\ИСПОЛН\858-2\зд.858-2-ЭМ\858-1_2 ЭМ.dwg,Модель,15.07.2020 12:54:35,Дима,Samsung SCX-4600 Series.pc3,A4,1:4.84508,
D:\Энерготехноком\Стройка\Олеум\2020\ПТО\ИСПОЛН\858-2\зд.858-2-ЭМ\858-1_2 ЭМ.dwg,Модель,15.07.2020 12:55:12,Дима,Samsung SCX-4600 Series.pc3,A4,1:4.84508,
D:\Энерготехноком\Стройка\Олеум\2020\ПТО\ИСПОЛН\858-2\зд.858-2-ЭМ\858-1_2 ЭМ.dwg,Модель,15.07.2020 12:55:23,Дима,Samsung SCX-4600 Series.pc3,A4,1:4.84508,
D:\Энерготехноком\Стройка\Олеум\2020\ПТО\ИСПОЛН\2227\2227-АПС\Исп схем\Чертеж2.dwg,Модель,15.07.2020 13:22:45,Дима,Samsung SCX-4600 Series.pc3,A4,1:4.84508,
D:\Энерготехноком\Стройка\Олеум\2020\ПТО\ИСПОЛН\2227\2227-АПС\Исп схем\Чертеж3.dwg,Модель,15.07.2020 13:24:16,Дима,Samsung SCX-4600 Series.pc3,A4,1:4.84508,
D:\Энерготехноком\Стройка\Олеум\2020\ПТО\ИСПОЛН\858-2\зд.858-2-ЭМ\858-1_2 ЭМ.dwg,Модель,15.07.2020 13:40:58,Дима,Samsung SCX-4600 Series.pc3,A4,1:4.84508,
D:\Энерготехноком\Стройка\Олеум\2020\ПТО\ИСПОЛН\858-2\зд.858-2-ЭМ\858-1_2 ЭМ.dwg,Модель,15.07.2020 13:41:11,Дима,Samsung SCX-4600 Series.pc3,A4,1:4.84508,
D:\Энерготехноком\Стройка\Олеум\2020\ПТО\ИСПОЛН\858-2\зд.858-2-ЭМ\858-1_2 ЭМ.dwg,Модель,15.07.2020 13:41:22,Дима,Samsung SCX-4600 Series.pc3,A4,1:4.84508,
D:\Энерготехноком\Стройка\Олеум\2020\ПТО\ИСПОЛН\2227\2227-АПС\Исп схем\Чертеж1.dwg,Модель,22.07.2020 11:48:38,Дима,Samsung SCX-4600 Series.pc3,A4,1:3.66003,
D:\Энерготехноком\Стройка\Олеум\2020\ПТО\ИСПОЛН\2227\2227-АПС\Исп схем\Чертеж1.dwg,Модель,22.07.2020 11:48:51,Дима,Samsung SCX-4600 Series.pc3,A4,1:3.66003,
